<?xml version="1.0" encoding="UTF-8"?>
<testng-results ignored="0" total="1" passed="1" failed="0" skipped="0">
  <reporter-output>
  </reporter-output>
  <suite started-at="2022-09-25T23:21:18 IST" name="Default suite" finished-at="2022-09-25T23:21:45 IST" duration-ms="27863">
    <groups>
    </groups>
    <test started-at="2022-09-25T23:21:18 IST" name="Default test" finished-at="2022-09-25T23:21:45 IST" duration-ms="27863">
      <class name="com.mystore.testCases.LoginPagetest">
        <test-method is-config="true" signature="loadConfig()[pri:0, instance:com.mystore.testCases.LoginPagetest@6a192cfe]" started-at="2022-09-25T23:21:18 IST" name="loadConfig" finished-at="2022-09-25T23:21:18 IST" duration-ms="9" status="PASS">
          <reporter-output>
          </reporter-output>
        </test-method> <!-- loadConfig -->
        <test-method is-config="true" signature="setUp()[pri:0, instance:com.mystore.testCases.LoginPagetest@6a192cfe]" started-at="2022-09-25T23:21:18 IST" name="setUp" finished-at="2022-09-25T23:21:29 IST" duration-ms="11299" status="PASS">
          <reporter-output>
          </reporter-output>
        </test-method> <!-- setUp -->
        <test-method signature="loginIntoApp()[pri:0, instance:com.mystore.testCases.LoginPagetest@6a192cfe]" started-at="2022-09-25T23:21:29 IST" name="loginIntoApp" finished-at="2022-09-25T23:21:45 IST" duration-ms="16239" status="PASS">
          <reporter-output>
          </reporter-output>
        </test-method> <!-- loginIntoApp -->
        <test-method is-config="true" signature="close()[pri:0, instance:com.mystore.testCases.LoginPagetest@6a192cfe]" started-at="2022-09-25T23:21:45 IST" name="close" finished-at="2022-09-25T23:21:45 IST" duration-ms="269" status="PASS">
          <reporter-output>
          </reporter-output>
        </test-method> <!-- close -->
      </class> <!-- com.mystore.testCases.LoginPagetest -->
    </test> <!-- Default test -->
  </suite> <!-- Default suite -->
</testng-results>
