<?xml version="1.0" encoding="UTF-8"?>
<testng-results ignored="0" total="2" passed="2" failed="0" skipped="0">
  <reporter-output>
  </reporter-output>
  <suite started-at="2022-09-25T21:09:39 IST" name="Default suite" finished-at="2022-09-25T21:10:18 IST" duration-ms="39490">
    <groups>
    </groups>
    <test started-at="2022-09-25T21:09:39 IST" name="Default test" finished-at="2022-09-25T21:10:18 IST" duration-ms="39490">
      <class name="com.mystore.testCases.IndexPageTest">
        <test-method is-config="true" signature="loadConfig()[pri:0, instance:com.mystore.testCases.IndexPageTest@5119fb47]" started-at="2022-09-25T21:09:39 IST" name="loadConfig" finished-at="2022-09-25T21:09:39 IST" duration-ms="9" status="PASS">
          <reporter-output>
          </reporter-output>
        </test-method> <!-- loadConfig -->
        <test-method is-config="true" signature="setUp()[pri:0, instance:com.mystore.testCases.IndexPageTest@5119fb47]" started-at="2022-09-25T21:09:39 IST" name="setUp" finished-at="2022-09-25T21:10:00 IST" duration-ms="21457" status="PASS">
          <reporter-output>
          </reporter-output>
        </test-method> <!-- setUp -->
        <test-method signature="verifyLogo()[pri:0, instance:com.mystore.testCases.IndexPageTest@5119fb47]" started-at="2022-09-25T21:10:00 IST" name="verifyLogo" finished-at="2022-09-25T21:10:00 IST" duration-ms="231" status="PASS">
          <reporter-output>
          </reporter-output>
        </test-method> <!-- verifyLogo -->
        <test-method is-config="true" signature="close()[pri:0, instance:com.mystore.testCases.IndexPageTest@5119fb47]" started-at="2022-09-25T21:10:00 IST" name="close" finished-at="2022-09-25T21:10:01 IST" duration-ms="182" status="PASS">
          <reporter-output>
          </reporter-output>
        </test-method> <!-- close -->
        <test-method is-config="true" signature="setUp()[pri:0, instance:com.mystore.testCases.IndexPageTest@5119fb47]" started-at="2022-09-25T21:10:01 IST" name="setUp" finished-at="2022-09-25T21:10:18 IST" duration-ms="17396" status="PASS">
          <reporter-output>
          </reporter-output>
        </test-method> <!-- setUp -->
        <test-method signature="verifyTitle()[pri:0, instance:com.mystore.testCases.IndexPageTest@5119fb47]" started-at="2022-09-25T21:10:18 IST" name="verifyTitle" finished-at="2022-09-25T21:10:18 IST" duration-ms="14" status="PASS">
          <reporter-output>
          </reporter-output>
        </test-method> <!-- verifyTitle -->
        <test-method is-config="true" signature="close()[pri:0, instance:com.mystore.testCases.IndexPageTest@5119fb47]" started-at="2022-09-25T21:10:18 IST" name="close" finished-at="2022-09-25T21:10:18 IST" duration-ms="155" status="PASS">
          <reporter-output>
          </reporter-output>
        </test-method> <!-- close -->
      </class> <!-- com.mystore.testCases.IndexPageTest -->
    </test> <!-- Default test -->
  </suite> <!-- Default suite -->
</testng-results>
